
=== Mon Mar 23 14:37:59 2026

Packages were changed.
Update Mode: updateDependencies

The following packages were added:
  com.unity.modules.adaptiveperformance@1.0.0
  com.unity.modules.vectorgraphics@1.0.0
The following packages were updated:
  com.unity.ai.navigation from version 2.0.7 to 2.0.11
  com.unity.collab-proxy from version 2.7.1 to 2.11.4
  com.unity.ide.rider from version 3.0.36 to 3.0.39
  com.unity.ide.visualstudio from version 2.0.23 to 2.0.27
  com.unity.multiplayer.center from version 1.0.0 to 1.0.1
  com.unity.probuilder from version 6.0.5 to 6.0.9
  com.unity.render-pipelines.universal from version 17.1.0 to 17.4.0
  com.unity.test-framework from version 1.5.1 to 1.6.0
  com.unity.timeline from version 1.8.7 to 1.8.11
  com.unity.xr.interaction.toolkit from version 3.1.1 to 3.4.0
  com.unity.xr.management from version 4.5.1 to 4.5.2
  com.unity.xr.oculus from version 4.5.1 to 4.5.4
  com.unity.xr.openxr from version 1.14.3 to 1.16.1
